<?xml version="1.0" encoding="UTF-8"?>
<testng-results skipped="0" failed="0" ignored="0" total="48" passed="48">
  <reporter-output>
  </reporter-output>
  <suite name="Default suite" duration-ms="34269" started-at="2019-03-07T05:19:58Z" finished-at="2019-03-07T05:20:33Z">
    <groups>
    </groups>
    <test name="Default test" duration-ms="34269" started-at="2019-03-07T05:19:58Z" finished-at="2019-03-07T05:20:33Z">
      <class name="com.ghana.app.qa.testcases.ReviewApplicationPageTest">
        <test-method status="PASS" signature="setUp()[pri:0, instance:com.ghana.app.qa.testcases.ReviewApplicationPageTest@365185bd]" name="setUp" is-config="true" duration-ms="6522" started-at="2019-03-07T05:19:58Z" finished-at="2019-03-07T05:20:05Z">
          <reporter-output>
          </reporter-output>
        </test-method> <!-- setUp -->
        <test-method status="PASS" signature="selectPassPortType()[pri:6, instance:com.ghana.app.qa.testcases.ReviewApplicationPageTest@365185bd]" name="selectPassPortType" duration-ms="5663" started-at="2019-03-07T05:20:05Z" finished-at="2019-03-07T05:20:11Z">
          <reporter-output>
          </reporter-output>
        </test-method> <!-- selectPassPortType -->
        <test-method status="PASS" signature="selectNationalityTest()[pri:7, instance:com.ghana.app.qa.testcases.ReviewApplicationPageTest@365185bd]" name="selectNationalityTest" duration-ms="4284" started-at="2019-03-07T05:20:11Z" finished-at="2019-03-07T05:20:15Z">
          <reporter-output>
          </reporter-output>
        </test-method> <!-- selectNationalityTest -->
        <test-method status="PASS" signature="selectPortOfArrivalTest()[pri:8, instance:com.ghana.app.qa.testcases.ReviewApplicationPageTest@365185bd]" name="selectPortOfArrivalTest" duration-ms="149" started-at="2019-03-07T05:20:15Z" finished-at="2019-03-07T05:20:15Z">
          <reporter-output>
          </reporter-output>
        </test-method> <!-- selectPortOfArrivalTest -->
        <test-method status="PASS" signature="passPhoneNoTest()[pri:9, instance:com.ghana.app.qa.testcases.ReviewApplicationPageTest@365185bd]" name="passPhoneNoTest" duration-ms="151" started-at="2019-03-07T05:20:15Z" finished-at="2019-03-07T05:20:15Z">
          <reporter-output>
          </reporter-output>
        </test-method> <!-- passPhoneNoTest -->
        <test-method status="PASS" signature="passEmailIdTest()[pri:10, instance:com.ghana.app.qa.testcases.ReviewApplicationPageTest@365185bd]" name="passEmailIdTest" duration-ms="321" started-at="2019-03-07T05:20:15Z" finished-at="2019-03-07T05:20:16Z">
          <reporter-output>
          </reporter-output>
        </test-method> <!-- passEmailIdTest -->
        <test-method status="PASS" signature="selectDateOfBirthTest()[pri:11, instance:com.ghana.app.qa.testcases.ReviewApplicationPageTest@365185bd]" name="selectDateOfBirthTest" duration-ms="319" started-at="2019-03-07T05:20:16Z" finished-at="2019-03-07T05:20:16Z">
          <reporter-output>
          </reporter-output>
        </test-method> <!-- selectDateOfBirthTest -->
        <test-method status="PASS" signature="passReEmailIdTest()[pri:12, instance:com.ghana.app.qa.testcases.ReviewApplicationPageTest@365185bd]" name="passReEmailIdTest" duration-ms="276" started-at="2019-03-07T05:20:16Z" finished-at="2019-03-07T05:20:16Z">
          <reporter-output>
          </reporter-output>
        </test-method> <!-- passReEmailIdTest -->
        <test-method status="PASS" signature="enterCaptchaFieldTest()[pri:13, instance:com.ghana.app.qa.testcases.ReviewApplicationPageTest@365185bd]" name="enterCaptchaFieldTest" duration-ms="907" started-at="2019-03-07T05:20:16Z" finished-at="2019-03-07T05:20:17Z">
          <reporter-output>
          </reporter-output>
        </test-method> <!-- enterCaptchaFieldTest -->
        <test-method status="PASS" signature="getApplicationPageTitleTest()[pri:14, instance:com.ghana.app.qa.testcases.ReviewApplicationPageTest@365185bd]" name="getApplicationPageTitleTest" duration-ms="2044" started-at="2019-03-07T05:20:17Z" finished-at="2019-03-07T05:20:19Z">
          <reporter-output>
          </reporter-output>
        </test-method> <!-- getApplicationPageTitleTest -->
        <test-method status="PASS" signature="getApplicationIdTest()[pri:15, instance:com.ghana.app.qa.testcases.ReviewApplicationPageTest@365185bd]" name="getApplicationIdTest" duration-ms="37" started-at="2019-03-07T05:20:19Z" finished-at="2019-03-07T05:20:19Z">
          <reporter-output>
          </reporter-output>
        </test-method> <!-- getApplicationIdTest -->
        <test-method status="PASS" signature="selectVisaFeesTest()[pri:16, instance:com.ghana.app.qa.testcases.ReviewApplicationPageTest@365185bd]" name="selectVisaFeesTest" duration-ms="2177" started-at="2019-03-07T05:20:19Z" finished-at="2019-03-07T05:20:21Z">
          <reporter-output>
          </reporter-output>
        </test-method> <!-- selectVisaFeesTest -->
        <test-method status="PASS" signature="selectVisaLocationTest()[pri:17, instance:com.ghana.app.qa.testcases.ReviewApplicationPageTest@365185bd]" name="selectVisaLocationTest" duration-ms="143" started-at="2019-03-07T05:20:21Z" finished-at="2019-03-07T05:20:22Z">
          <reporter-output>
          </reporter-output>
        </test-method> <!-- selectVisaLocationTest -->
        <test-method status="PASS" signature="passFirstNameTest()[pri:18, instance:com.ghana.app.qa.testcases.ReviewApplicationPageTest@365185bd]" name="passFirstNameTest" duration-ms="105" started-at="2019-03-07T05:20:22Z" finished-at="2019-03-07T05:20:22Z">
          <reporter-output>
          </reporter-output>
        </test-method> <!-- passFirstNameTest -->
        <test-method status="PASS" signature="passLastNameTest()[pri:19, instance:com.ghana.app.qa.testcases.ReviewApplicationPageTest@365185bd]" name="passLastNameTest" duration-ms="128" started-at="2019-03-07T05:20:22Z" finished-at="2019-03-07T05:20:22Z">
          <reporter-output>
          </reporter-output>
        </test-method> <!-- passLastNameTest -->
        <test-method status="PASS" signature="passPassportNumberTest()[pri:20, instance:com.ghana.app.qa.testcases.ReviewApplicationPageTest@365185bd]" name="passPassportNumberTest" duration-ms="174" started-at="2019-03-07T05:20:22Z" finished-at="2019-03-07T05:20:22Z">
          <reporter-output>
          </reporter-output>
        </test-method> <!-- passPassportNumberTest -->
        <test-method status="PASS" signature="clickOnGenderTest()[pri:21, instance:com.ghana.app.qa.testcases.ReviewApplicationPageTest@365185bd]" name="clickOnGenderTest" duration-ms="79" started-at="2019-03-07T05:20:22Z" finished-at="2019-03-07T05:20:22Z">
          <reporter-output>
          </reporter-output>
        </test-method> <!-- clickOnGenderTest -->
        <test-method status="PASS" signature="selectPassIssueDateTest()[pri:22, instance:com.ghana.app.qa.testcases.ReviewApplicationPageTest@365185bd]" name="selectPassIssueDateTest" duration-ms="268" started-at="2019-03-07T05:20:22Z" finished-at="2019-03-07T05:20:22Z">
          <reporter-output>
          </reporter-output>
        </test-method> <!-- selectPassIssueDateTest -->
        <test-method status="PASS" signature="selectPassExpiryDateTest()[pri:23, instance:com.ghana.app.qa.testcases.ReviewApplicationPageTest@365185bd]" name="selectPassExpiryDateTest" duration-ms="270" started-at="2019-03-07T05:20:22Z" finished-at="2019-03-07T05:20:23Z">
          <reporter-output>
          </reporter-output>
        </test-method> <!-- selectPassExpiryDateTest -->
        <test-method status="PASS" signature="passPlaceOfBirthTest()[pri:24, instance:com.ghana.app.qa.testcases.ReviewApplicationPageTest@365185bd]" name="passPlaceOfBirthTest" duration-ms="153" started-at="2019-03-07T05:20:23Z" finished-at="2019-03-07T05:20:23Z">
          <reporter-output>
          </reporter-output>
        </test-method> <!-- passPlaceOfBirthTest -->
        <test-method status="PASS" signature="clickOnSaveAndContinueTest()[pri:25, instance:com.ghana.app.qa.testcases.ReviewApplicationPageTest@365185bd]" name="clickOnSaveAndContinueTest" duration-ms="141" started-at="2019-03-07T05:20:23Z" finished-at="2019-03-07T05:20:23Z">
          <reporter-output>
          </reporter-output>
        </test-method> <!-- clickOnSaveAndContinueTest -->
        <test-method status="PASS" signature="selectFormerNationalityTest()[pri:26, instance:com.ghana.app.qa.testcases.ReviewApplicationPageTest@365185bd]" name="selectFormerNationalityTest" duration-ms="199" started-at="2019-03-07T05:20:23Z" finished-at="2019-03-07T05:20:23Z">
          <reporter-output>
          </reporter-output>
        </test-method> <!-- selectFormerNationalityTest -->
        <test-method status="PASS" signature="filladdressInfoTest()[pri:27, instance:com.ghana.app.qa.testcases.ReviewApplicationPageTest@365185bd]" name="filladdressInfoTest" duration-ms="1512" started-at="2019-03-07T05:20:23Z" finished-at="2019-03-07T05:20:25Z">
          <reporter-output>
          </reporter-output>
        </test-method> <!-- filladdressInfoTest -->
        <test-method status="PASS" signature="clickSaveAndContinuebtnTest()[pri:28, instance:com.ghana.app.qa.testcases.ReviewApplicationPageTest@365185bd]" name="clickSaveAndContinuebtnTest" duration-ms="280" started-at="2019-03-07T05:20:25Z" finished-at="2019-03-07T05:20:25Z">
          <reporter-output>
          </reporter-output>
        </test-method> <!-- clickSaveAndContinuebtnTest -->
        <test-method status="PASS" signature="emergencyContactDetailsTest()[pri:29, instance:com.ghana.app.qa.testcases.ReviewApplicationPageTest@365185bd]" name="emergencyContactDetailsTest" duration-ms="366" started-at="2019-03-07T05:20:25Z" finished-at="2019-03-07T05:20:25Z">
          <reporter-output>
          </reporter-output>
        </test-method> <!-- emergencyContactDetailsTest -->
        <test-method status="PASS" signature="selectRelationTest()[pri:30, instance:com.ghana.app.qa.testcases.ReviewApplicationPageTest@365185bd]" name="selectRelationTest" duration-ms="245" started-at="2019-03-07T05:20:25Z" finished-at="2019-03-07T05:20:25Z">
          <reporter-output>
          </reporter-output>
        </test-method> <!-- selectRelationTest -->
        <test-method status="PASS" signature="emergencyProfessionDetailsTest()[pri:31, instance:com.ghana.app.qa.testcases.ReviewApplicationPageTest@365185bd]" name="emergencyProfessionDetailsTest" duration-ms="1483" started-at="2019-03-07T05:20:25Z" finished-at="2019-03-07T05:20:27Z">
          <reporter-output>
          </reporter-output>
        </test-method> <!-- emergencyProfessionDetailsTest -->
        <test-method status="PASS" signature="clickOnIsApplicantPossessionRoundTicketTest()[pri:32, instance:com.ghana.app.qa.testcases.ReviewApplicationPageTest@365185bd]" name="clickOnIsApplicantPossessionRoundTicketTest" duration-ms="141" started-at="2019-03-07T05:20:27Z" finished-at="2019-03-07T05:20:27Z">
          <reporter-output>
          </reporter-output>
        </test-method> <!-- clickOnIsApplicantPossessionRoundTicketTest -->
        <test-method status="PASS" signature="passDateOfDepartureTest()[pri:33, instance:com.ghana.app.qa.testcases.ReviewApplicationPageTest@365185bd]" name="passDateOfDepartureTest" duration-ms="382" started-at="2019-03-07T05:20:27Z" finished-at="2019-03-07T05:20:27Z">
          <reporter-output>
          </reporter-output>
        </test-method> <!-- passDateOfDepartureTest -->
        <test-method status="PASS" signature="passTicketNumberTest()[pri:34, instance:com.ghana.app.qa.testcases.ReviewApplicationPageTest@365185bd]" name="passTicketNumberTest" duration-ms="160" started-at="2019-03-07T05:20:27Z" finished-at="2019-03-07T05:20:28Z">
          <reporter-output>
          </reporter-output>
        </test-method> <!-- passTicketNumberTest -->
        <test-method status="PASS" signature="clickOnTravelByTest()[pri:35, instance:com.ghana.app.qa.testcases.ReviewApplicationPageTest@365185bd]" name="clickOnTravelByTest" duration-ms="195" started-at="2019-03-07T05:20:28Z" finished-at="2019-03-07T05:20:28Z">
          <reporter-output>
          </reporter-output>
        </test-method> <!-- clickOnTravelByTest -->
        <test-method status="PASS" signature="clickPurpose_of_journeyTest()[pri:36, instance:com.ghana.app.qa.testcases.ReviewApplicationPageTest@365185bd]" name="clickPurpose_of_journeyTest" duration-ms="145" started-at="2019-03-07T05:20:28Z" finished-at="2019-03-07T05:20:28Z">
          <reporter-output>
          </reporter-output>
        </test-method> <!-- clickPurpose_of_journeyTest -->
        <test-method status="PASS" signature="passPrimaryRefFirstnameTest()[pri:37, instance:com.ghana.app.qa.testcases.ReviewApplicationPageTest@365185bd]" name="passPrimaryRefFirstnameTest" duration-ms="132" started-at="2019-03-07T05:20:28Z" finished-at="2019-03-07T05:20:28Z">
          <reporter-output>
          </reporter-output>
        </test-method> <!-- passPrimaryRefFirstnameTest -->
        <test-method status="PASS" signature="passPrimaryRefLastnameTest()[pri:38, instance:com.ghana.app.qa.testcases.ReviewApplicationPageTest@365185bd]" name="passPrimaryRefLastnameTest" duration-ms="160" started-at="2019-03-07T05:20:28Z" finished-at="2019-03-07T05:20:28Z">
          <reporter-output>
          </reporter-output>
        </test-method> <!-- passPrimaryRefLastnameTest -->
        <test-method status="PASS" signature="pass_Primary_ref_addressTest()[pri:39, instance:com.ghana.app.qa.testcases.ReviewApplicationPageTest@365185bd]" name="pass_Primary_ref_addressTest" duration-ms="304" started-at="2019-03-07T05:20:28Z" finished-at="2019-03-07T05:20:29Z">
          <reporter-output>
          </reporter-output>
        </test-method> <!-- pass_Primary_ref_addressTest -->
        <test-method status="PASS" signature="pass_primary_ref_pincodeTest()[pri:40, instance:com.ghana.app.qa.testcases.ReviewApplicationPageTest@365185bd]" name="pass_primary_ref_pincodeTest" duration-ms="110" started-at="2019-03-07T05:20:29Z" finished-at="2019-03-07T05:20:29Z">
          <reporter-output>
          </reporter-output>
        </test-method> <!-- pass_primary_ref_pincodeTest -->
        <test-method status="PASS" signature="pass_primary_ref_cityTest()[pri:41, instance:com.ghana.app.qa.testcases.ReviewApplicationPageTest@365185bd]" name="pass_primary_ref_cityTest" duration-ms="233" started-at="2019-03-07T05:20:29Z" finished-at="2019-03-07T05:20:29Z">
          <reporter-output>
          </reporter-output>
        </test-method> <!-- pass_primary_ref_cityTest -->
        <test-method status="PASS" signature="pass_primary_ref_stateTest()[pri:42, instance:com.ghana.app.qa.testcases.ReviewApplicationPageTest@365185bd]" name="pass_primary_ref_stateTest" duration-ms="204" started-at="2019-03-07T05:20:29Z" finished-at="2019-03-07T05:20:29Z">
          <reporter-output>
          </reporter-output>
        </test-method> <!-- pass_primary_ref_stateTest -->
        <test-method status="PASS" signature="pass_primary_ref_countryTest()[pri:43, instance:com.ghana.app.qa.testcases.ReviewApplicationPageTest@365185bd]" name="pass_primary_ref_countryTest" duration-ms="103" started-at="2019-03-07T05:20:29Z" finished-at="2019-03-07T05:20:29Z">
          <reporter-output>
          </reporter-output>
        </test-method> <!-- pass_primary_ref_countryTest -->
        <test-method status="PASS" signature="pass_primary_ref_phone_numberTest()[pri:44, instance:com.ghana.app.qa.testcases.ReviewApplicationPageTest@365185bd]" name="pass_primary_ref_phone_numberTest" duration-ms="150" started-at="2019-03-07T05:20:29Z" finished-at="2019-03-07T05:20:29Z">
          <reporter-output>
          </reporter-output>
        </test-method> <!-- pass_primary_ref_phone_numberTest -->
        <test-method status="PASS" signature="PassSecondaryRefDetailsTest()[pri:45, instance:com.ghana.app.qa.testcases.ReviewApplicationPageTest@365185bd]" name="PassSecondaryRefDetailsTest" duration-ms="1349" started-at="2019-03-07T05:20:29Z" finished-at="2019-03-07T05:20:31Z">
          <reporter-output>
          </reporter-output>
        </test-method> <!-- PassSecondaryRefDetailsTest -->
        <test-method status="PASS" signature="clickOnContinuebuttonTest()[pri:46, instance:com.ghana.app.qa.testcases.ReviewApplicationPageTest@365185bd]" name="clickOnContinuebuttonTest" duration-ms="248" started-at="2019-03-07T05:20:31Z" finished-at="2019-03-07T05:20:31Z">
          <reporter-output>
          </reporter-output>
        </test-method> <!-- clickOnContinuebuttonTest -->
        <test-method status="PASS" signature="getUploadDocTest()[pri:47, instance:com.ghana.app.qa.testcases.ReviewApplicationPageTest@365185bd]" name="getUploadDocTest" duration-ms="368" started-at="2019-03-07T05:20:31Z" finished-at="2019-03-07T05:20:31Z">
          <reporter-output>
          </reporter-output>
        </test-method> <!-- getUploadDocTest -->
        <test-method status="PASS" signature="clicksaveAndContiBtnTest()[pri:48, instance:com.ghana.app.qa.testcases.ReviewApplicationPageTest@365185bd]" name="clicksaveAndContiBtnTest" duration-ms="102" started-at="2019-03-07T05:20:31Z" finished-at="2019-03-07T05:20:31Z">
          <reporter-output>
          </reporter-output>
        </test-method> <!-- clicksaveAndContiBtnTest -->
        <test-method status="PASS" signature="getTextPersonalInfoTest()[pri:49, instance:com.ghana.app.qa.testcases.ReviewApplicationPageTest@365185bd]" name="getTextPersonalInfoTest" duration-ms="223" started-at="2019-03-07T05:20:31Z" finished-at="2019-03-07T05:20:32Z">
          <reporter-output>
          </reporter-output>
        </test-method> <!-- getTextPersonalInfoTest -->
        <test-method status="PASS" signature="getTextAddressInfoTest()[pri:50, instance:com.ghana.app.qa.testcases.ReviewApplicationPageTest@365185bd]" name="getTextAddressInfoTest" duration-ms="225" started-at="2019-03-07T05:20:32Z" finished-at="2019-03-07T05:20:32Z">
          <reporter-output>
          </reporter-output>
        </test-method> <!-- getTextAddressInfoTest -->
        <test-method status="PASS" signature="getTextEmergencyContactTest()[pri:51, instance:com.ghana.app.qa.testcases.ReviewApplicationPageTest@365185bd]" name="getTextEmergencyContactTest" duration-ms="280" started-at="2019-03-07T05:20:32Z" finished-at="2019-03-07T05:20:32Z">
          <reporter-output>
          </reporter-output>
        </test-method> <!-- getTextEmergencyContactTest -->
        <test-method status="PASS" signature="getTextTravelInfoTest()[pri:52, instance:com.ghana.app.qa.testcases.ReviewApplicationPageTest@365185bd]" name="getTextTravelInfoTest" duration-ms="475" started-at="2019-03-07T05:20:32Z" finished-at="2019-03-07T05:20:33Z">
          <reporter-output>
          </reporter-output>
        </test-method> <!-- getTextTravelInfoTest -->
        <test-method status="PASS" signature="clickOnContinueBtnTest()[pri:54, instance:com.ghana.app.qa.testcases.ReviewApplicationPageTest@365185bd]" name="clickOnContinueBtnTest" duration-ms="80" started-at="2019-03-07T05:20:33Z" finished-at="2019-03-07T05:20:33Z">
          <reporter-output>
          </reporter-output>
        </test-method> <!-- clickOnContinueBtnTest -->
      </class> <!-- com.ghana.app.qa.testcases.ReviewApplicationPageTest -->
    </test> <!-- Default test -->
  </suite> <!-- Default suite -->
</testng-results>
